#! /usr/bin/vvp
:ivl_version "11.0 (stable)";
:ivl_delay_selection "TYPICAL";
:vpi_time_precision - 12;
:vpi_module "/usr/lib/x86_64-linux-gnu/ivl/system.vpi";
:vpi_module "/usr/lib/x86_64-linux-gnu/ivl/vhdl_sys.vpi";
:vpi_module "/usr/lib/x86_64-linux-gnu/ivl/vhdl_textio.vpi";
:vpi_module "/usr/lib/x86_64-linux-gnu/ivl/v2005_math.vpi";
:vpi_module "/usr/lib/x86_64-linux-gnu/ivl/va_math.vpi";
:vpi_module "/usr/lib/x86_64-linux-gnu/ivl/v2009.vpi";
S_0x563a8009eb80 .scope package, "$unit" "$unit" 2 1;
 .timescale 0 0;
S_0x563a800a8760 .scope module, "cordic_tb_generated" "cordic_tb_generated" 3 3;
 .timescale -9 -12;
P_0x563a8006a810 .param/l "C_CLK_PERIOD" 1 3 6, C4<0000000000000000000000000000000000000000000000000000000000000010>;
P_0x563a8006a850 .param/l "C_RST_PERIOD" 1 3 7, C4<0000000000000000000000000000000000000000000000000000000000010100>;
P_0x563a8006a890 .param/l "D_WIDTH" 1 3 8, +C4<00000000000000000000000000010000>;
P_0x563a8006a8d0 .param/real "ERROR_TOL_A" 1 3 11, Cr<m4000000000000000gfc1>; value=0.500000
P_0x563a8006a910 .param/real "ERROR_TOL_R" 1 3 10, Cr<m6400000000000000gfc7>; value=50.0000
P_0x563a8006a950 .param/l "MAX_Z_TGT" 1 3 12, +C4<00000000000000001000000000000000>;
P_0x563a8006a990 .param/real "PI" 1 3 9, Cr<m6487ed5110b46000gfc3>; value=3.14159
P_0x563a8006a9d0 .param/l "STEP_INT" 1 3 14, +C4<00000000000000000000001111101000>;
v0x563a800c8d10_0 .var "clk", 0 0;
v0x563a800c8dd0_0 .var/real "error_x_a", 0 0;
v0x563a800c8e70_0 .var/real "error_x_r", 0 0;
v0x563a800c8f10_0 .var/real "error_y_a", 0 0;
v0x563a800c8fd0_0 .var/real "error_y_r", 0 0;
v0x563a800c90e0_0 .var "rst_n", 0 0;
v0x563a800c9180_0 .net/s "x_int", 31 0, L_0x563a800c9ab0;  1 drivers
v0x563a800c9240_0 .var/real "xc_out_int", 0 0;
v0x563a800c9300_0 .var/real "xv_out_int", 0 0;
v0x563a800c93c0_0 .net/s "y_int", 31 0, L_0x563a800c9b80;  1 drivers
v0x563a800c94a0_0 .var/real "yc_out_int", 0 0;
v0x563a800c9560_0 .var/real "yv_out_int", 0 0;
v0x563a800c9620_0 .var/i "z_tgt_int", 31 0;
v0x563a800c9700_0 .var/i "z_tgt_int_delay", 31 0;
E_0x563a800516e0 .event edge, v0x563a800c9180_0, v0x563a800c93c0_0, v0x563a800c9620_0, v0x563a800c9700_0;
E_0x563a80053240 .event edge, v0x563a800c8dd0_0, v0x563a800c9620_0, v0x563a800c8f10_0;
E_0x563a80018840 .event negedge, v0x563a800a1110_0, v0x563a800a1070_0;
L_0x563a800c99b0 .part v0x563a800c9620_0, 0, 16;
L_0x563a800c9ab0 .extend/s 32, L_0x563a800c97e0;
L_0x563a800c9b80 .extend/s 32, L_0x563a800c98b0;
S_0x563a80076300 .scope module, "cordic_i" "cordic" 3 110, 4 1 0, S_0x563a800a8760;
 .timescale 0 0;
    .port_info 0 /INPUT 1 "clk";
    .port_info 1 /INPUT 1 "rst_n";
    .port_info 2 /INPUT 16 "z_tgt";
    .port_info 3 /OUTPUT 16 "x_out";
    .port_info 4 /OUTPUT 16 "y_out";
P_0x563a800764e0 .param/l "atan" 1 4 8, +C4<000000000000000100000000000000110000000000000101000000000000101000000000000101000000000000101001000000000101000100000000101000110000000101000110000000101000110000000101000101100000101000100010000100111111011000100101110010000100000000000000>;
v0x563a800a1070_0 .net "clk", 0 0, v0x563a800c8d10_0;  1 drivers
v0x563a800a1110_0 .net "rst_n", 0 0, v0x563a800c90e0_0;  1 drivers
v0x563a800c8760_0 .var/s "x", 255 0;
v0x563a800c8800_0 .net/s "x_out", 15 0, L_0x563a800c97e0;  1 drivers
v0x563a800c88e0_0 .var/s "y", 255 0;
v0x563a800c89f0_0 .net/s "y_out", 15 0, L_0x563a800c98b0;  1 drivers
v0x563a800c8ad0_0 .var/s "z", 255 0;
v0x563a800c8b90_0 .net/s "z_tgt", 15 0, L_0x563a800c99b0;  1 drivers
E_0x563a800535c0/0 .event negedge, v0x563a800a1110_0;
E_0x563a800535c0/1 .event posedge, v0x563a800a1070_0;
E_0x563a800535c0 .event/or E_0x563a800535c0/0, E_0x563a800535c0/1;
L_0x563a800c97e0 .part v0x563a800c8760_0, 240, 16;
L_0x563a800c98b0 .part v0x563a800c88e0_0, 240, 16;
    .scope S_0x563a80076300;
T_0 ;
    %wait E_0x563a800535c0;
    %load/vec4 v0x563a800a1110_0;
    %nor/r;
    %flag_set/vec4 8;
    %jmp/0xz  T_0.0, 8;
    %pushi/vec4 0, 0, 256;
    %assign/vec4 v0x563a800c8760_0, 0;
    %pushi/vec4 0, 0, 256;
    %assign/vec4 v0x563a800c88e0_0, 0;
    %pushi/vec4 0, 0, 256;
    %assign/vec4 v0x563a800c8ad0_0, 0;
    %jmp T_0.1;
T_0.0 ;
    %pushi/vec4 0, 0, 16;
    %ix/load 4, 0, 0;
    %ix/load 5, 0, 0;
    %flag_set/imm 4, 0;
    %assign/vec4/off/d v0x563a800c88e0_0, 4, 5;
    %load/vec4 v0x563a800c8b90_0;
    %ix/load 4, 0, 0;
    %ix/load 5, 0, 0;
    %flag_set/imm 4, 0;
    %assign/vec4/off/d v0x563a800c8ad0_0, 4, 5;
    %pushi/vec4 19898, 0, 16;
    %ix/load 4, 0, 0;
    %ix/load 5, 0, 0;
    %flag_set/imm 4, 0;
    %assign/vec4/off/d v0x563a800c8760_0, 4, 5;
    %load/vec4 v0x563a800c8ad0_0;
    %parti/s 1, 15, 5;
    %nor/r;
    %flag_set/vec4 8;
    %jmp/0 T_0.2, 8;
    %load/vec4 v0x563a800c8760_0;
    %parti/s 16, 0, 2;
    %load/vec4 v0x563a800c88e0_0;
    %parti/s 16, 0, 2;
    %sub;
    %jmp/1 T_0.3, 8;
T_0.2 ; End of true expr.
    %load/vec4 v0x563a800c8760_0;
    %parti/s 16, 0, 2;
    %load/vec4 v0x563a800c88e0_0;
    %parti/s 16, 0, 2;
    %add;
    %jmp/0 T_0.3, 8;
 ; End of false expr.
    %blend;
T_0.3;
    %ix/load 4, 16, 0;
    %ix/load 5, 0, 0;
    %flag_set/imm 4, 0;
    %assign/vec4/off/d v0x563a800c8760_0, 4, 5;
    %load/vec4 v0x563a800c8ad0_0;
    %parti/s 1, 15, 5;
    %nor/r;
    %flag_set/vec4 8;
    %jmp/0 T_0.4, 8;
    %load/vec4 v0x563a800c88e0_0;
    %parti/s 16, 0, 2;
    %load/vec4 v0x563a800c8760_0;
    %parti/s 16, 0, 2;
    %add;
    %jmp/1 T_0.5, 8;
T_0.4 ; End of true expr.
    %load/vec4 v0x563a800c88e0_0;
    %parti/s 16, 0, 2;
    %load/vec4 v0x563a800c8760_0;
    %parti/s 16, 0, 2;
    %sub;
    %jmp/0 T_0.5, 8;
 ; End of false expr.
    %blend;
T_0.5;
    %ix/load 4, 16, 0;
    %ix/load 5, 0, 0;
    %flag_set/imm 4, 0;
    %assign/vec4/off/d v0x563a800c88e0_0, 4, 5;
    %load/vec4 v0x563a800c8ad0_0;
    %parti/s 1, 15, 5;
    %nor/r;
    %flag_set/vec4 8;
    %jmp/0 T_0.6, 8;
    %load/vec4 v0x563a800c8ad0_0;
    %parti/s 16, 0, 2;
    %subi 16384, 0, 16;
    %jmp/1 T_0.7, 8;
T_0.6 ; End of true expr.
    %load/vec4 v0x563a800c8ad0_0;
    %parti/s 16, 0, 2;
    %addi 16384, 0, 16;
    %jmp/0 T_0.7, 8;
 ; End of false expr.
    %blend;
T_0.7;
    %ix/load 4, 16, 0;
    %ix/load 5, 0, 0;
    %flag_set/imm 4, 0;
    %assign/vec4/off/d v0x563a800c8ad0_0, 4, 5;
    %load/vec4 v0x563a800c8ad0_0;
    %parti/s 1, 31, 6;
    %nor/r;
    %flag_set/vec4 8;
    %jmp/0 T_0.8, 8;
    %load/vec4 v0x563a800c8760_0;
    %parti/s 16, 16, 6;
    %load/vec4 v0x563a800c88e0_0;
    %parti/s 16, 16, 6;
    %ix/load 4, 1, 0;
    %flag_set/imm 4, 0;
    %shiftr/s 4;
    %sub;
    %jmp/1 T_0.9, 8;
T_0.8 ; End of true expr.
    %load/vec4 v0x563a800c8760_0;
    %parti/s 16, 16, 6;
    %load/vec4 v0x563a800c88e0_0;
    %parti/s 16, 16, 6;
    %ix/load 4, 1, 0;
    %flag_set/imm 4, 0;
    %shiftr/s 4;
    %add;
    %jmp/0 T_0.9, 8;
 ; End of false expr.
    %blend;
T_0.9;
    %ix/load 4, 32, 0;
    %ix/load 5, 0, 0;
    %flag_set/imm 4, 0;
    %assign/vec4/off/d v0x563a800c8760_0, 4, 5;
    %load/vec4 v0x563a800c8ad0_0;
    %parti/s 1, 31, 6;
    %nor/r;
    %flag_set/vec4 8;
    %jmp/0 T_0.10, 8;
    %load/vec4 v0x563a800c88e0_0;
    %parti/s 16, 16, 6;
    %load/vec4 v0x563a800c8760_0;
    %parti/s 16, 16, 6;
    %ix/load 4, 1, 0;
    %flag_set/imm 4, 0;
    %shiftr/s 4;
    %add;
    %jmp/1 T_0.11, 8;
T_0.10 ; End of true expr.
    %load/vec4 v0x563a800c88e0_0;
    %parti/s 16, 16, 6;
    %load/vec4 v0x563a800c8760_0;
    %parti/s 16, 16, 6;
    %ix/load 4, 1, 0;
    %flag_set/imm 4, 0;
    %shiftr/s 4;
    %sub;
    %jmp/0 T_0.11, 8;
 ; End of false expr.
    %blend;
T_0.11;
    %ix/load 4, 32, 0;
    %ix/load 5, 0, 0;
    %flag_set/imm 4, 0;
    %assign/vec4/off/d v0x563a800c88e0_0, 4, 5;
    %load/vec4 v0x563a800c8ad0_0;
    %parti/s 1, 31, 6;
    %nor/r;
    %flag_set/vec4 8;
    %jmp/0 T_0.12, 8;
    %load/vec4 v0x563a800c8ad0_0;
    %parti/s 16, 16, 6;
    %subi 9672, 0, 16;
    %jmp/1 T_0.13, 8;
T_0.12 ; End of true expr.
    %load/vec4 v0x563a800c8ad0_0;
    %parti/s 16, 16, 6;
    %addi 9672, 0, 16;
    %jmp/0 T_0.13, 8;
 ; End of false expr.
    %blend;
T_0.13;
    %ix/load 4, 32, 0;
    %ix/load 5, 0, 0;
    %flag_set/imm 4, 0;
    %assign/vec4/off/d v0x563a800c8ad0_0, 4, 5;
    %load/vec4 v0x563a800c8ad0_0;
    %parti/s 1, 47, 7;
    %nor/r;
    %flag_set/vec4 8;
    %jmp/0 T_0.14, 8;
    %load/vec4 v0x563a800c8760_0;
    %parti/s 16, 32, 7;
    %load/vec4 v0x563a800c88e0_0;
    %parti/s 16, 32, 7;
    %ix/load 4, 2, 0;
    %flag_set/imm 4, 0;
    %shiftr/s 4;
    %sub;
    %jmp/1 T_0.15, 8;
T_0.14 ; End of true expr.
    %load/vec4 v0x563a800c8760_0;
    %parti/s 16, 32, 7;
    %load/vec4 v0x563a800c88e0_0;
    %parti/s 16, 32, 7;
    %ix/load 4, 2, 0;
    %flag_set/imm 4, 0;
    %shiftr/s 4;
    %add;
    %jmp/0 T_0.15, 8;
 ; End of false expr.
    %blend;
T_0.15;
    %ix/load 4, 48, 0;
    %ix/load 5, 0, 0;
    %flag_set/imm 4, 0;
    %assign/vec4/off/d v0x563a800c8760_0, 4, 5;
    %load/vec4 v0x563a800c8ad0_0;
    %parti/s 1, 47, 7;
    %nor/r;
    %flag_set/vec4 8;
    %jmp/0 T_0.16, 8;
    %load/vec4 v0x563a800c88e0_0;
    %parti/s 16, 32, 7;
    %load/vec4 v0x563a800c8760_0;
    %parti/s 16, 32, 7;
    %ix/load 4, 2, 0;
    %flag_set/imm 4, 0;
    %shiftr/s 4;
    %add;
    %jmp/1 T_0.17, 8;
T_0.16 ; End of true expr.
    %load/vec4 v0x563a800c88e0_0;
    %parti/s 16, 32, 7;
    %load/vec4 v0x563a800c8760_0;
    %parti/s 16, 32, 7;
    %ix/load 4, 2, 0;
    %flag_set/imm 4, 0;
    %shiftr/s 4;
    %sub;
    %jmp/0 T_0.17, 8;
 ; End of false expr.
    %blend;
T_0.17;
    %ix/load 4, 48, 0;
    %ix/load 5, 0, 0;
    %flag_set/imm 4, 0;
    %assign/vec4/off/d v0x563a800c88e0_0, 4, 5;
    %load/vec4 v0x563a800c8ad0_0;
    %parti/s 1, 47, 7;
    %nor/r;
    %flag_set/vec4 8;
    %jmp/0 T_0.18, 8;
    %load/vec4 v0x563a800c8ad0_0;
    %parti/s 16, 32, 7;
    %subi 5110, 0, 16;
    %jmp/1 T_0.19, 8;
T_0.18 ; End of true expr.
    %load/vec4 v0x563a800c8ad0_0;
    %parti/s 16, 32, 7;
    %addi 5110, 0, 16;
    %jmp/0 T_0.19, 8;
 ; End of false expr.
    %blend;
T_0.19;
    %ix/load 4, 48, 0;
    %ix/load 5, 0, 0;
    %flag_set/imm 4, 0;
    %assign/vec4/off/d v0x563a800c8ad0_0, 4, 5;
    %load/vec4 v0x563a800c8ad0_0;
    %parti/s 1, 63, 7;
    %nor/r;
    %flag_set/vec4 8;
    %jmp/0 T_0.20, 8;
    %load/vec4 v0x563a800c8760_0;
    %parti/s 16, 48, 7;
    %load/vec4 v0x563a800c88e0_0;
    %parti/s 16, 48, 7;
    %ix/load 4, 3, 0;
    %flag_set/imm 4, 0;
    %shiftr/s 4;
    %sub;
    %jmp/1 T_0.21, 8;
T_0.20 ; End of true expr.
    %load/vec4 v0x563a800c8760_0;
    %parti/s 16, 48, 7;
    %load/vec4 v0x563a800c88e0_0;
    %parti/s 16, 48, 7;
    %ix/load 4, 3, 0;
    %flag_set/imm 4, 0;
    %shiftr/s 4;
    %add;
    %jmp/0 T_0.21, 8;
 ; End of false expr.
    %blend;
T_0.21;
    %ix/load 4, 64, 0;
    %ix/load 5, 0, 0;
    %flag_set/imm 4, 0;
    %assign/vec4/off/d v0x563a800c8760_0, 4, 5;
    %load/vec4 v0x563a800c8ad0_0;
    %parti/s 1, 63, 7;
    %nor/r;
    %flag_set/vec4 8;
    %jmp/0 T_0.22, 8;
    %load/vec4 v0x563a800c88e0_0;
    %parti/s 16, 48, 7;
    %load/vec4 v0x563a800c8760_0;
    %parti/s 16, 48, 7;
    %ix/load 4, 3, 0;
    %flag_set/imm 4, 0;
    %shiftr/s 4;
    %add;
    %jmp/1 T_0.23, 8;
T_0.22 ; End of true expr.
    %load/vec4 v0x563a800c88e0_0;
    %parti/s 16, 48, 7;
    %load/vec4 v0x563a800c8760_0;
    %parti/s 16, 48, 7;
    %ix/load 4, 3, 0;
    %flag_set/imm 4, 0;
    %shiftr/s 4;
    %sub;
    %jmp/0 T_0.23, 8;
 ; End of false expr.
    %blend;
T_0.23;
    %ix/load 4, 64, 0;
    %ix/load 5, 0, 0;
    %flag_set/imm 4, 0;
    %assign/vec4/off/d v0x563a800c88e0_0, 4, 5;
    %load/vec4 v0x563a800c8ad0_0;
    %parti/s 1, 63, 7;
    %nor/r;
    %flag_set/vec4 8;
    %jmp/0 T_0.24, 8;
    %load/vec4 v0x563a800c8ad0_0;
    %parti/s 16, 48, 7;
    %subi 2594, 0, 16;
    %jmp/1 T_0.25, 8;
T_0.24 ; End of true expr.
    %load/vec4 v0x563a800c8ad0_0;
    %parti/s 16, 48, 7;
    %addi 2594, 0, 16;
    %jmp/0 T_0.25, 8;
 ; End of false expr.
    %blend;
T_0.25;
    %ix/load 4, 64, 0;
    %ix/load 5, 0, 0;
    %flag_set/imm 4, 0;
    %assign/vec4/off/d v0x563a800c8ad0_0, 4, 5;
    %load/vec4 v0x563a800c8ad0_0;
    %parti/s 1, 79, 8;
    %nor/r;
    %flag_set/vec4 8;
    %jmp/0 T_0.26, 8;
    %load/vec4 v0x563a800c8760_0;
    %parti/s 16, 64, 8;
    %load/vec4 v0x563a800c88e0_0;
    %parti/s 16, 64, 8;
    %ix/load 4, 4, 0;
    %flag_set/imm 4, 0;
    %shiftr/s 4;
    %sub;
    %jmp/1 T_0.27, 8;
T_0.26 ; End of true expr.
    %load/vec4 v0x563a800c8760_0;
    %parti/s 16, 64, 8;
    %load/vec4 v0x563a800c88e0_0;
    %parti/s 16, 64, 8;
    %ix/load 4, 4, 0;
    %flag_set/imm 4, 0;
    %shiftr/s 4;
    %add;
    %jmp/0 T_0.27, 8;
 ; End of false expr.
    %blend;
T_0.27;
    %ix/load 4, 80, 0;
    %ix/load 5, 0, 0;
    %flag_set/imm 4, 0;
    %assign/vec4/off/d v0x563a800c8760_0, 4, 5;
    %load/vec4 v0x563a800c8ad0_0;
    %parti/s 1, 79, 8;
    %nor/r;
    %flag_set/vec4 8;
    %jmp/0 T_0.28, 8;
    %load/vec4 v0x563a800c88e0_0;
    %parti/s 16, 64, 8;
    %load/vec4 v0x563a800c8760_0;
    %parti/s 16, 64, 8;
    %ix/load 4, 4, 0;
    %flag_set/imm 4, 0;
    %shiftr/s 4;
    %add;
    %jmp/1 T_0.29, 8;
T_0.28 ; End of true expr.
    %load/vec4 v0x563a800c88e0_0;
    %parti/s 16, 64, 8;
    %load/vec4 v0x563a800c8760_0;
    %parti/s 16, 64, 8;
    %ix/load 4, 4, 0;
    %flag_set/imm 4, 0;
    %shiftr/s 4;
    %sub;
    %jmp/0 T_0.29, 8;
 ; End of false expr.
    %blend;
T_0.29;
    %ix/load 4, 80, 0;
    %ix/load 5, 0, 0;
    %flag_set/imm 4, 0;
    %assign/vec4/off/d v0x563a800c88e0_0, 4, 5;
    %load/vec4 v0x563a800c8ad0_0;
    %parti/s 1, 79, 8;
    %nor/r;
    %flag_set/vec4 8;
    %jmp/0 T_0.30, 8;
    %load/vec4 v0x563a800c8ad0_0;
    %parti/s 16, 64, 8;
    %subi 1302, 0, 16;
    %jmp/1 T_0.31, 8;
T_0.30 ; End of true expr.
    %load/vec4 v0x563a800c8ad0_0;
    %parti/s 16, 64, 8;
    %addi 1302, 0, 16;
    %jmp/0 T_0.31, 8;
 ; End of false expr.
    %blend;
T_0.31;
    %ix/load 4, 80, 0;
    %ix/load 5, 0, 0;
    %flag_set/imm 4, 0;
    %assign/vec4/off/d v0x563a800c8ad0_0, 4, 5;
    %load/vec4 v0x563a800c8ad0_0;
    %parti/s 1, 95, 8;
    %nor/r;
    %flag_set/vec4 8;
    %jmp/0 T_0.32, 8;
    %load/vec4 v0x563a800c8760_0;
    %parti/s 16, 80, 8;
    %load/vec4 v0x563a800c88e0_0;
    %parti/s 16, 80, 8;
    %ix/load 4, 5, 0;
    %flag_set/imm 4, 0;
    %shiftr/s 4;
    %sub;
    %jmp/1 T_0.33, 8;
T_0.32 ; End of true expr.
    %load/vec4 v0x563a800c8760_0;
    %parti/s 16, 80, 8;
    %load/vec4 v0x563a800c88e0_0;
    %parti/s 16, 80, 8;
    %ix/load 4, 5, 0;
    %flag_set/imm 4, 0;
    %shiftr/s 4;
    %add;
    %jmp/0 T_0.33, 8;
 ; End of false expr.
    %blend;
T_0.33;
    %ix/load 4, 96, 0;
    %ix/load 5, 0, 0;
    %flag_set/imm 4, 0;
    %assign/vec4/off/d v0x563a800c8760_0, 4, 5;
    %load/vec4 v0x563a800c8ad0_0;
    %parti/s 1, 95, 8;
    %nor/r;
    %flag_set/vec4 8;
    %jmp/0 T_0.34, 8;
    %load/vec4 v0x563a800c88e0_0;
    %parti/s 16, 80, 8;
    %load/vec4 v0x563a800c8760_0;
    %parti/s 16, 80, 8;
    %ix/load 4, 5, 0;
    %flag_set/imm 4, 0;
    %shiftr/s 4;
    %add;
    %jmp/1 T_0.35, 8;
T_0.34 ; End of true expr.
    %load/vec4 v0x563a800c88e0_0;
    %parti/s 16, 80, 8;
    %load/vec4 v0x563a800c8760_0;
    %parti/s 16, 80, 8;
    %ix/load 4, 5, 0;
    %flag_set/imm 4, 0;
    %shiftr/s 4;
    %sub;
    %jmp/0 T_0.35, 8;
 ; End of false expr.
    %blend;
T_0.35;
    %ix/load 4, 96, 0;
    %ix/load 5, 0, 0;
    %flag_set/imm 4, 0;
    %assign/vec4/off/d v0x563a800c88e0_0, 4, 5;
    %load/vec4 v0x563a800c8ad0_0;
    %parti/s 1, 95, 8;
    %nor/r;
    %flag_set/vec4 8;
    %jmp/0 T_0.36, 8;
    %load/vec4 v0x563a800c8ad0_0;
    %parti/s 16, 80, 8;
    %subi 652, 0, 16;
    %jmp/1 T_0.37, 8;
T_0.36 ; End of true expr.
    %load/vec4 v0x563a800c8ad0_0;
    %parti/s 16, 80, 8;
    %addi 652, 0, 16;
    %jmp/0 T_0.37, 8;
 ; End of false expr.
    %blend;
T_0.37;
    %ix/load 4, 96, 0;
    %ix/load 5, 0, 0;
    %flag_set/imm 4, 0;
    %assign/vec4/off/d v0x563a800c8ad0_0, 4, 5;
    %load/vec4 v0x563a800c8ad0_0;
    %parti/s 1, 111, 8;
    %nor/r;
    %flag_set/vec4 8;
    %jmp/0 T_0.38, 8;
    %load/vec4 v0x563a800c8760_0;
    %parti/s 16, 96, 8;
    %load/vec4 v0x563a800c88e0_0;
    %parti/s 16, 96, 8;
    %ix/load 4, 6, 0;
    %flag_set/imm 4, 0;
    %shiftr/s 4;
    %sub;
    %jmp/1 T_0.39, 8;
T_0.38 ; End of true expr.
    %load/vec4 v0x563a800c8760_0;
    %parti/s 16, 96, 8;
    %load/vec4 v0x563a800c88e0_0;
    %parti/s 16, 96, 8;
    %ix/load 4, 6, 0;
    %flag_set/imm 4, 0;
    %shiftr/s 4;
    %add;
    %jmp/0 T_0.39, 8;
 ; End of false expr.
    %blend;
T_0.39;
    %ix/load 4, 112, 0;
    %ix/load 5, 0, 0;
    %flag_set/imm 4, 0;
    %assign/vec4/off/d v0x563a800c8760_0, 4, 5;
    %load/vec4 v0x563a800c8ad0_0;
    %parti/s 1, 111, 8;
    %nor/r;
    %flag_set/vec4 8;
    %jmp/0 T_0.40, 8;
    %load/vec4 v0x563a800c88e0_0;
    %parti/s 16, 96, 8;
    %load/vec4 v0x563a800c8760_0;
    %parti/s 16, 96, 8;
    %ix/load 4, 6, 0;
    %flag_set/imm 4, 0;
    %shiftr/s 4;
    %add;
    %jmp/1 T_0.41, 8;
T_0.40 ; End of true expr.
    %load/vec4 v0x563a800c88e0_0;
    %parti/s 16, 96, 8;
    %load/vec4 v0x563a800c8760_0;
    %parti/s 16, 96, 8;
    %ix/load 4, 6, 0;
    %flag_set/imm 4, 0;
    %shiftr/s 4;
    %sub;
    %jmp/0 T_0.41, 8;
 ; End of false expr.
    %blend;
T_0.41;
    %ix/load 4, 112, 0;
    %ix/load 5, 0, 0;
    %flag_set/imm 4, 0;
    %assign/vec4/off/d v0x563a800c88e0_0, 4, 5;
    %load/vec4 v0x563a800c8ad0_0;
    %parti/s 1, 111, 8;
    %nor/r;
    %flag_set/vec4 8;
    %jmp/0 T_0.42, 8;
    %load/vec4 v0x563a800c8ad0_0;
    %parti/s 16, 96, 8;
    %subi 326, 0, 16;
    %jmp/1 T_0.43, 8;
T_0.42 ; End of true expr.
    %load/vec4 v0x563a800c8ad0_0;
    %parti/s 16, 96, 8;
    %addi 326, 0, 16;
    %jmp/0 T_0.43, 8;
 ; End of false expr.
    %blend;
T_0.43;
    %ix/load 4, 112, 0;
    %ix/load 5, 0, 0;
    %flag_set/imm 4, 0;
    %assign/vec4/off/d v0x563a800c8ad0_0, 4, 5;
    %load/vec4 v0x563a800c8ad0_0;
    %parti/s 1, 127, 8;
    %nor/r;
    %flag_set/vec4 8;
    %jmp/0 T_0.44, 8;
    %load/vec4 v0x563a800c8760_0;
    %parti/s 16, 112, 8;
    %load/vec4 v0x563a800c88e0_0;
    %parti/s 16, 112, 8;
    %ix/load 4, 7, 0;
    %flag_set/imm 4, 0;
    %shiftr/s 4;
    %sub;
    %jmp/1 T_0.45, 8;
T_0.44 ; End of true expr.
    %load/vec4 v0x563a800c8760_0;
    %parti/s 16, 112, 8;
    %load/vec4 v0x563a800c88e0_0;
    %parti/s 16, 112, 8;
    %ix/load 4, 7, 0;
    %flag_set/imm 4, 0;
    %shiftr/s 4;
    %add;
    %jmp/0 T_0.45, 8;
 ; End of false expr.
    %blend;
T_0.45;
    %ix/load 4, 128, 0;
    %ix/load 5, 0, 0;
    %flag_set/imm 4, 0;
    %assign/vec4/off/d v0x563a800c8760_0, 4, 5;
    %load/vec4 v0x563a800c8ad0_0;
    %parti/s 1, 127, 8;
    %nor/r;
    %flag_set/vec4 8;
    %jmp/0 T_0.46, 8;
    %load/vec4 v0x563a800c88e0_0;
    %parti/s 16, 112, 8;
    %load/vec4 v0x563a800c8760_0;
    %parti/s 16, 112, 8;
    %ix/load 4, 7, 0;
    %flag_set/imm 4, 0;
    %shiftr/s 4;
    %add;
    %jmp/1 T_0.47, 8;
T_0.46 ; End of true expr.
    %load/vec4 v0x563a800c88e0_0;
    %parti/s 16, 112, 8;
    %load/vec4 v0x563a800c8760_0;
    %parti/s 16, 112, 8;
    %ix/load 4, 7, 0;
    %flag_set/imm 4, 0;
    %shiftr/s 4;
    %sub;
    %jmp/0 T_0.47, 8;
 ; End of false expr.
    %blend;
T_0.47;
    %ix/load 4, 128, 0;
    %ix/load 5, 0, 0;
    %flag_set/imm 4, 0;
    %assign/vec4/off/d v0x563a800c88e0_0, 4, 5;
    %load/vec4 v0x563a800c8ad0_0;
    %parti/s 1, 127, 8;
    %nor/r;
    %flag_set/vec4 8;
    %jmp/0 T_0.48, 8;
    %load/vec4 v0x563a800c8ad0_0;
    %parti/s 16, 112, 8;
    %subi 163, 0, 16;
    %jmp/1 T_0.49, 8;
T_0.48 ; End of true expr.
    %load/vec4 v0x563a800c8ad0_0;
    %parti/s 16, 112, 8;
    %addi 163, 0, 16;
    %jmp/0 T_0.49, 8;
 ; End of false expr.
    %blend;
T_0.49;
    %ix/load 4, 128, 0;
    %ix/load 5, 0, 0;
    %flag_set/imm 4, 0;
    %assign/vec4/off/d v0x563a800c8ad0_0, 4, 5;
    %load/vec4 v0x563a800c8ad0_0;
    %parti/s 1, 143, 9;
    %nor/r;
    %flag_set/vec4 8;
    %jmp/0 T_0.50, 8;
    %load/vec4 v0x563a800c8760_0;
    %parti/s 16, 128, 9;
    %load/vec4 v0x563a800c88e0_0;
    %parti/s 16, 128, 9;
    %ix/load 4, 8, 0;
    %flag_set/imm 4, 0;
    %shiftr/s 4;
    %sub;
    %jmp/1 T_0.51, 8;
T_0.50 ; End of true expr.
    %load/vec4 v0x563a800c8760_0;
    %parti/s 16, 128, 9;
    %load/vec4 v0x563a800c88e0_0;
    %parti/s 16, 128, 9;
    %ix/load 4, 8, 0;
    %flag_set/imm 4, 0;
    %shiftr/s 4;
    %add;
    %jmp/0 T_0.51, 8;
 ; End of false expr.
    %blend;
T_0.51;
    %ix/load 4, 144, 0;
    %ix/load 5, 0, 0;
    %flag_set/imm 4, 0;
    %assign/vec4/off/d v0x563a800c8760_0, 4, 5;
    %load/vec4 v0x563a800c8ad0_0;
    %parti/s 1, 143, 9;
    %nor/r;
    %flag_set/vec4 8;
    %jmp/0 T_0.52, 8;
    %load/vec4 v0x563a800c88e0_0;
    %parti/s 16, 128, 9;
    %load/vec4 v0x563a800c8760_0;
    %parti/s 16, 128, 9;
    %ix/load 4, 8, 0;
    %flag_set/imm 4, 0;
    %shiftr/s 4;
    %add;
    %jmp/1 T_0.53, 8;
T_0.52 ; End of true expr.
    %load/vec4 v0x563a800c88e0_0;
    %parti/s 16, 128, 9;
    %load/vec4 v0x563a800c8760_0;
    %parti/s 16, 128, 9;
    %ix/load 4, 8, 0;
    %flag_set/imm 4, 0;
    %shiftr/s 4;
    %sub;
    %jmp/0 T_0.53, 8;
 ; End of false expr.
    %blend;
T_0.53;
    %ix/load 4, 144, 0;
    %ix/load 5, 0, 0;
    %flag_set/imm 4, 0;
    %assign/vec4/off/d v0x563a800c88e0_0, 4, 5;
    %load/vec4 v0x563a800c8ad0_0;
    %parti/s 1, 143, 9;
    %nor/r;
    %flag_set/vec4 8;
    %jmp/0 T_0.54, 8;
    %load/vec4 v0x563a800c8ad0_0;
    %parti/s 16, 128, 9;
    %subi 81, 0, 16;
    %jmp/1 T_0.55, 8;
T_0.54 ; End of true expr.
    %load/vec4 v0x563a800c8ad0_0;
    %parti/s 16, 128, 9;
    %addi 81, 0, 16;
    %jmp/0 T_0.55, 8;
 ; End of false expr.
    %blend;
T_0.55;
    %ix/load 4, 144, 0;
    %ix/load 5, 0, 0;
    %flag_set/imm 4, 0;
    %assign/vec4/off/d v0x563a800c8ad0_0, 4, 5;
    %load/vec4 v0x563a800c8ad0_0;
    %parti/s 1, 159, 9;
    %nor/r;
    %flag_set/vec4 8;
    %jmp/0 T_0.56, 8;
    %load/vec4 v0x563a800c8760_0;
    %parti/s 16, 144, 9;
    %load/vec4 v0x563a800c88e0_0;
    %parti/s 16, 144, 9;
    %ix/load 4, 9, 0;
    %flag_set/imm 4, 0;
    %shiftr/s 4;
    %sub;
    %jmp/1 T_0.57, 8;
T_0.56 ; End of true expr.
    %load/vec4 v0x563a800c8760_0;
    %parti/s 16, 144, 9;
    %load/vec4 v0x563a800c88e0_0;
    %parti/s 16, 144, 9;
    %ix/load 4, 9, 0;
    %flag_set/imm 4, 0;
    %shiftr/s 4;
    %add;
    %jmp/0 T_0.57, 8;
 ; End of false expr.
    %blend;
T_0.57;
    %ix/load 4, 160, 0;
    %ix/load 5, 0, 0;
    %flag_set/imm 4, 0;
    %assign/vec4/off/d v0x563a800c8760_0, 4, 5;
    %load/vec4 v0x563a800c8ad0_0;
    %parti/s 1, 159, 9;
    %nor/r;
    %flag_set/vec4 8;
    %jmp/0 T_0.58, 8;
    %load/vec4 v0x563a800c88e0_0;
    %parti/s 16, 144, 9;
    %load/vec4 v0x563a800c8760_0;
    %parti/s 16, 144, 9;
    %ix/load 4, 9, 0;
    %flag_set/imm 4, 0;
    %shiftr/s 4;
    %add;
    %jmp/1 T_0.59, 8;
T_0.58 ; End of true expr.
    %load/vec4 v0x563a800c88e0_0;
    %parti/s 16, 144, 9;
    %load/vec4 v0x563a800c8760_0;
    %parti/s 16, 144, 9;
    %ix/load 4, 9, 0;
    %flag_set/imm 4, 0;
    %shiftr/s 4;
    %sub;
    %jmp/0 T_0.59, 8;
 ; End of false expr.
    %blend;
T_0.59;
    %ix/load 4, 160, 0;
    %ix/load 5, 0, 0;
    %flag_set/imm 4, 0;
    %assign/vec4/off/d v0x563a800c88e0_0, 4, 5;
    %load/vec4 v0x563a800c8ad0_0;
    %parti/s 1, 159, 9;
    %nor/r;
    %flag_set/vec4 8;
    %jmp/0 T_0.60, 8;
    %load/vec4 v0x563a800c8ad0_0;
    %parti/s 16, 144, 9;
    %subi 41, 0, 16;
    %jmp/1 T_0.61, 8;
T_0.60 ; End of true expr.
    %load/vec4 v0x563a800c8ad0_0;
    %parti/s 16, 144, 9;
    %addi 41, 0, 16;
    %jmp/0 T_0.61, 8;
 ; End of false expr.
    %blend;
T_0.61;
    %ix/load 4, 160, 0;
    %ix/load 5, 0, 0;
    %flag_set/imm 4, 0;
    %assign/vec4/off/d v0x563a800c8ad0_0, 4, 5;
    %load/vec4 v0x563a800c8ad0_0;
    %parti/s 1, 175, 9;
    %nor/r;
    %flag_set/vec4 8;
    %jmp/0 T_0.62, 8;
    %load/vec4 v0x563a800c8760_0;
    %parti/s 16, 160, 9;
    %load/vec4 v0x563a800c88e0_0;
    %parti/s 16, 160, 9;
    %ix/load 4, 10, 0;
    %flag_set/imm 4, 0;
    %shiftr/s 4;
    %sub;
    %jmp/1 T_0.63, 8;
T_0.62 ; End of true expr.
    %load/vec4 v0x563a800c8760_0;
    %parti/s 16, 160, 9;
    %load/vec4 v0x563a800c88e0_0;
    %parti/s 16, 160, 9;
    %ix/load 4, 10, 0;
    %flag_set/imm 4, 0;
    %shiftr/s 4;
    %add;
    %jmp/0 T_0.63, 8;
 ; End of false expr.
    %blend;
T_0.63;
    %ix/load 4, 176, 0;
    %ix/load 5, 0, 0;
    %flag_set/imm 4, 0;
    %assign/vec4/off/d v0x563a800c8760_0, 4, 5;
    %load/vec4 v0x563a800c8ad0_0;
    %parti/s 1, 175, 9;
    %nor/r;
    %flag_set/vec4 8;
    %jmp/0 T_0.64, 8;
    %load/vec4 v0x563a800c88e0_0;
    %parti/s 16, 160, 9;
    %load/vec4 v0x563a800c8760_0;
    %parti/s 16, 160, 9;
    %ix/load 4, 10, 0;
    %flag_set/imm 4, 0;
    %shiftr/s 4;
    %add;
    %jmp/1 T_0.65, 8;
T_0.64 ; End of true expr.
    %load/vec4 v0x563a800c88e0_0;
    %parti/s 16, 160, 9;
    %load/vec4 v0x563a800c8760_0;
    %parti/s 16, 160, 9;
    %ix/load 4, 10, 0;
    %flag_set/imm 4, 0;
    %shiftr/s 4;
    %sub;
    %jmp/0 T_0.65, 8;
 ; End of false expr.
    %blend;
T_0.65;
    %ix/load 4, 176, 0;
    %ix/load 5, 0, 0;
    %flag_set/imm 4, 0;
    %assign/vec4/off/d v0x563a800c88e0_0, 4, 5;
    %load/vec4 v0x563a800c8ad0_0;
    %parti/s 1, 175, 9;
    %nor/r;
    %flag_set/vec4 8;
    %jmp/0 T_0.66, 8;
    %load/vec4 v0x563a800c8ad0_0;
    %parti/s 16, 160, 9;
    %subi 20, 0, 16;
    %jmp/1 T_0.67, 8;
T_0.66 ; End of true expr.
    %load/vec4 v0x563a800c8ad0_0;
    %parti/s 16, 160, 9;
    %addi 20, 0, 16;
    %jmp/0 T_0.67, 8;
 ; End of false expr.
    %blend;
T_0.67;
    %ix/load 4, 176, 0;
    %ix/load 5, 0, 0;
    %flag_set/imm 4, 0;
    %assign/vec4/off/d v0x563a800c8ad0_0, 4, 5;
    %load/vec4 v0x563a800c8ad0_0;
    %parti/s 1, 191, 9;
    %nor/r;
    %flag_set/vec4 8;
    %jmp/0 T_0.68, 8;
    %load/vec4 v0x563a800c8760_0;
    %parti/s 16, 176, 9;
    %load/vec4 v0x563a800c88e0_0;
    %parti/s 16, 176, 9;
    %ix/load 4, 11, 0;
    %flag_set/imm 4, 0;
    %shiftr/s 4;
    %sub;
    %jmp/1 T_0.69, 8;
T_0.68 ; End of true expr.
    %load/vec4 v0x563a800c8760_0;
    %parti/s 16, 176, 9;
    %load/vec4 v0x563a800c88e0_0;
    %parti/s 16, 176, 9;
    %ix/load 4, 11, 0;
    %flag_set/imm 4, 0;
    %shiftr/s 4;
    %add;
    %jmp/0 T_0.69, 8;
 ; End of false expr.
    %blend;
T_0.69;
    %ix/load 4, 192, 0;
    %ix/load 5, 0, 0;
    %flag_set/imm 4, 0;
    %assign/vec4/off/d v0x563a800c8760_0, 4, 5;
    %load/vec4 v0x563a800c8ad0_0;
    %parti/s 1, 191, 9;
    %nor/r;
    %flag_set/vec4 8;
    %jmp/0 T_0.70, 8;
    %load/vec4 v0x563a800c88e0_0;
    %parti/s 16, 176, 9;
    %load/vec4 v0x563a800c8760_0;
    %parti/s 16, 176, 9;
    %ix/load 4, 11, 0;
    %flag_set/imm 4, 0;
    %shiftr/s 4;
    %add;
    %jmp/1 T_0.71, 8;
T_0.70 ; End of true expr.
    %load/vec4 v0x563a800c88e0_0;
    %parti/s 16, 176, 9;
    %load/vec4 v0x563a800c8760_0;
    %parti/s 16, 176, 9;
    %ix/load 4, 11, 0;
    %flag_set/imm 4, 0;
    %shiftr/s 4;
    %sub;
    %jmp/0 T_0.71, 8;
 ; End of false expr.
    %blend;
T_0.71;
    %ix/load 4, 192, 0;
    %ix/load 5, 0, 0;
    %flag_set/imm 4, 0;
    %assign/vec4/off/d v0x563a800c88e0_0, 4, 5;
    %load/vec4 v0x563a800c8ad0_0;
    %parti/s 1, 191, 9;
    %nor/r;
    %flag_set/vec4 8;
    %jmp/0 T_0.72, 8;
    %load/vec4 v0x563a800c8ad0_0;
    %parti/s 16, 176, 9;
    %subi 10, 0, 16;
    %jmp/1 T_0.73, 8;
T_0.72 ; End of true expr.
    %load/vec4 v0x563a800c8ad0_0;
    %parti/s 16, 176, 9;
    %addi 10, 0, 16;
    %jmp/0 T_0.73, 8;
 ; End of false expr.
    %blend;
T_0.73;
    %ix/load 4, 192, 0;
    %ix/load 5, 0, 0;
    %flag_set/imm 4, 0;
    %assign/vec4/off/d v0x563a800c8ad0_0, 4, 5;
    %load/vec4 v0x563a800c8ad0_0;
    %parti/s 1, 207, 9;
    %nor/r;
    %flag_set/vec4 8;
    %jmp/0 T_0.74, 8;
    %load/vec4 v0x563a800c8760_0;
    %parti/s 16, 192, 9;
    %load/vec4 v0x563a800c88e0_0;
    %parti/s 16, 192, 9;
    %ix/load 4, 12, 0;
    %flag_set/imm 4, 0;
    %shiftr/s 4;
    %sub;
    %jmp/1 T_0.75, 8;
T_0.74 ; End of true expr.
    %load/vec4 v0x563a800c8760_0;
    %parti/s 16, 192, 9;
    %load/vec4 v0x563a800c88e0_0;
    %parti/s 16, 192, 9;
    %ix/load 4, 12, 0;
    %flag_set/imm 4, 0;
    %shiftr/s 4;
    %add;
    %jmp/0 T_0.75, 8;
 ; End of false expr.
    %blend;
T_0.75;
    %ix/load 4, 208, 0;
    %ix/load 5, 0, 0;
    %flag_set/imm 4, 0;
    %assign/vec4/off/d v0x563a800c8760_0, 4, 5;
    %load/vec4 v0x563a800c8ad0_0;
    %parti/s 1, 207, 9;
    %nor/r;
    %flag_set/vec4 8;
    %jmp/0 T_0.76, 8;
    %load/vec4 v0x563a800c88e0_0;
    %parti/s 16, 192, 9;
    %load/vec4 v0x563a800c8760_0;
    %parti/s 16, 192, 9;
    %ix/load 4, 12, 0;
    %flag_set/imm 4, 0;
    %shiftr/s 4;
    %add;
    %jmp/1 T_0.77, 8;
T_0.76 ; End of true expr.
    %load/vec4 v0x563a800c88e0_0;
    %parti/s 16, 192, 9;
    %load/vec4 v0x563a800c8760_0;
    %parti/s 16, 192, 9;
    %ix/load 4, 12, 0;
    %flag_set/imm 4, 0;
    %shiftr/s 4;
    %sub;
    %jmp/0 T_0.77, 8;
 ; End of false expr.
    %blend;
T_0.77;
    %ix/load 4, 208, 0;
    %ix/load 5, 0, 0;
    %flag_set/imm 4, 0;
    %assign/vec4/off/d v0x563a800c88e0_0, 4, 5;
    %load/vec4 v0x563a800c8ad0_0;
    %parti/s 1, 207, 9;
    %nor/r;
    %flag_set/vec4 8;
    %jmp/0 T_0.78, 8;
    %load/vec4 v0x563a800c8ad0_0;
    %parti/s 16, 192, 9;
    %subi 5, 0, 16;
    %jmp/1 T_0.79, 8;
T_0.78 ; End of true expr.
    %load/vec4 v0x563a800c8ad0_0;
    %parti/s 16, 192, 9;
    %addi 5, 0, 16;
    %jmp/0 T_0.79, 8;
 ; End of false expr.
    %blend;
T_0.79;
    %ix/load 4, 208, 0;
    %ix/load 5, 0, 0;
    %flag_set/imm 4, 0;
    %assign/vec4/off/d v0x563a800c8ad0_0, 4, 5;
    %load/vec4 v0x563a800c8ad0_0;
    %parti/s 1, 223, 9;
    %nor/r;
    %flag_set/vec4 8;
    %jmp/0 T_0.80, 8;
    %load/vec4 v0x563a800c8760_0;
    %parti/s 16, 208, 9;
    %load/vec4 v0x563a800c88e0_0;
    %parti/s 16, 208, 9;
    %ix/load 4, 13, 0;
    %flag_set/imm 4, 0;
    %shiftr/s 4;
    %sub;
    %jmp/1 T_0.81, 8;
T_0.80 ; End of true expr.
    %load/vec4 v0x563a800c8760_0;
    %parti/s 16, 208, 9;
    %load/vec4 v0x563a800c88e0_0;
    %parti/s 16, 208, 9;
    %ix/load 4, 13, 0;
    %flag_set/imm 4, 0;
    %shiftr/s 4;
    %add;
    %jmp/0 T_0.81, 8;
 ; End of false expr.
    %blend;
T_0.81;
    %ix/load 4, 224, 0;
    %ix/load 5, 0, 0;
    %flag_set/imm 4, 0;
    %assign/vec4/off/d v0x563a800c8760_0, 4, 5;
    %load/vec4 v0x563a800c8ad0_0;
    %parti/s 1, 223, 9;
    %nor/r;
    %flag_set/vec4 8;
    %jmp/0 T_0.82, 8;
    %load/vec4 v0x563a800c88e0_0;
    %parti/s 16, 208, 9;
    %load/vec4 v0x563a800c8760_0;
    %parti/s 16, 208, 9;
    %ix/load 4, 13, 0;
    %flag_set/imm 4, 0;
    %shiftr/s 4;
    %add;
    %jmp/1 T_0.83, 8;
T_0.82 ; End of true expr.
    %load/vec4 v0x563a800c88e0_0;
    %parti/s 16, 208, 9;
    %load/vec4 v0x563a800c8760_0;
    %parti/s 16, 208, 9;
    %ix/load 4, 13, 0;
    %flag_set/imm 4, 0;
    %shiftr/s 4;
    %sub;
    %jmp/0 T_0.83, 8;
 ; End of false expr.
    %blend;
T_0.83;
    %ix/load 4, 224, 0;
    %ix/load 5, 0, 0;
    %flag_set/imm 4, 0;
    %assign/vec4/off/d v0x563a800c88e0_0, 4, 5;
    %load/vec4 v0x563a800c8ad0_0;
    %parti/s 1, 223, 9;
    %nor/r;
    %flag_set/vec4 8;
    %jmp/0 T_0.84, 8;
    %load/vec4 v0x563a800c8ad0_0;
    %parti/s 16, 208, 9;
    %subi 3, 0, 16;
    %jmp/1 T_0.85, 8;
T_0.84 ; End of true expr.
    %load/vec4 v0x563a800c8ad0_0;
    %parti/s 16, 208, 9;
    %addi 3, 0, 16;
    %jmp/0 T_0.85, 8;
 ; End of false expr.
    %blend;
T_0.85;
    %ix/load 4, 224, 0;
    %ix/load 5, 0, 0;
    %flag_set/imm 4, 0;
    %assign/vec4/off/d v0x563a800c8ad0_0, 4, 5;
    %load/vec4 v0x563a800c8ad0_0;
    %parti/s 1, 239, 9;
    %nor/r;
    %flag_set/vec4 8;
    %jmp/0 T_0.86, 8;
    %load/vec4 v0x563a800c8760_0;
    %parti/s 16, 224, 9;
    %load/vec4 v0x563a800c88e0_0;
    %parti/s 16, 224, 9;
    %ix/load 4, 14, 0;
    %flag_set/imm 4, 0;
    %shiftr/s 4;
    %sub;
    %jmp/1 T_0.87, 8;
T_0.86 ; End of true expr.
    %load/vec4 v0x563a800c8760_0;
    %parti/s 16, 224, 9;
    %load/vec4 v0x563a800c88e0_0;
    %parti/s 16, 224, 9;
    %ix/load 4, 14, 0;
    %flag_set/imm 4, 0;
    %shiftr/s 4;
    %add;
    %jmp/0 T_0.87, 8;
 ; End of false expr.
    %blend;
T_0.87;
    %ix/load 4, 240, 0;
    %ix/load 5, 0, 0;
    %flag_set/imm 4, 0;
    %assign/vec4/off/d v0x563a800c8760_0, 4, 5;
    %load/vec4 v0x563a800c8ad0_0;
    %parti/s 1, 239, 9;
    %nor/r;
    %flag_set/vec4 8;
    %jmp/0 T_0.88, 8;
    %load/vec4 v0x563a800c88e0_0;
    %parti/s 16, 224, 9;
    %load/vec4 v0x563a800c8760_0;
    %parti/s 16, 224, 9;
    %ix/load 4, 14, 0;
    %flag_set/imm 4, 0;
    %shiftr/s 4;
    %add;
    %jmp/1 T_0.89, 8;
T_0.88 ; End of true expr.
    %load/vec4 v0x563a800c88e0_0;
    %parti/s 16, 224, 9;
    %load/vec4 v0x563a800c8760_0;
    %parti/s 16, 224, 9;
    %ix/load 4, 14, 0;
    %flag_set/imm 4, 0;
    %shiftr/s 4;
    %sub;
    %jmp/0 T_0.89, 8;
 ; End of false expr.
    %blend;
T_0.89;
    %ix/load 4, 240, 0;
    %ix/load 5, 0, 0;
    %flag_set/imm 4, 0;
    %assign/vec4/off/d v0x563a800c88e0_0, 4, 5;
    %load/vec4 v0x563a800c8ad0_0;
    %parti/s 1, 239, 9;
    %nor/r;
    %flag_set/vec4 8;
    %jmp/0 T_0.90, 8;
    %load/vec4 v0x563a800c8ad0_0;
    %parti/s 16, 224, 9;
    %subi 1, 0, 16;
    %jmp/1 T_0.91, 8;
T_0.90 ; End of true expr.
    %load/vec4 v0x563a800c8ad0_0;
    %parti/s 16, 224, 9;
    %addi 1, 0, 16;
    %jmp/0 T_0.91, 8;
 ; End of false expr.
    %blend;
T_0.91;
    %ix/load 4, 240, 0;
    %ix/load 5, 0, 0;
    %flag_set/imm 4, 0;
    %assign/vec4/off/d v0x563a800c8ad0_0, 4, 5;
T_0.1 ;
    %jmp T_0;
    .thread T_0;
    .scope S_0x563a800a8760;
T_1 ;
    %delay 1000, 0;
    %load/vec4 v0x563a800c8d10_0;
    %inv;
    %assign/vec4 v0x563a800c8d10_0, 0;
    %jmp T_1;
    .thread T_1;
    .scope S_0x563a800a8760;
T_2 ;
    %pushi/vec4 0, 0, 1;
    %assign/vec4 v0x563a800c8d10_0, 0;
    %pushi/vec4 0, 0, 1;
    %assign/vec4 v0x563a800c90e0_0, 0;
    %pushi/real 0, 4065; load=0.00000
    %assign/wr v0x563a800c9560_0, 0;
    %pushi/real 0, 4065; load=0.00000
    %assign/wr v0x563a800c9300_0, 0;
    %delay 20000, 0;
    %pushi/vec4 1, 0, 1;
    %assign/vec4 v0x563a800c90e0_0, 0;
    %delay 600000000, 0;
    %vpi_call/w 3 45 "$finish" {0 0 0};
    %end;
    .thread T_2;
    .scope S_0x563a800a8760;
T_3 ;
    %vpi_call/w 3 49 "$dumpfile", "waves.vcd" {0 0 0};
    %vpi_call/w 3 50 "$dumpvars" {0 0 0};
    %end;
    .thread T_3;
    .scope S_0x563a800a8760;
T_4 ;
    %wait E_0x563a80018840;
    %load/vec4 v0x563a800c90e0_0;
    %cmpi/e 0, 0, 1;
    %jmp/0xz  T_4.0, 4;
    %pushi/vec4 4294966296, 0, 32;
    %assign/vec4 v0x563a800c9620_0, 0;
    %jmp T_4.1;
T_4.0 ;
    %load/vec4 v0x563a800c9620_0;
    %addi 1000, 0, 32;
    %assign/vec4 v0x563a800c9620_0, 0;
    %load/vec4 v0x563a800c9620_0;
    %assign/vec4 v0x563a800c9700_0, 30000;
    %load/vec4 v0x563a800c9620_0;
    %cmpi/s 31768, 0, 32;
    %flag_inv 5; GE is !LT
    %jmp/0xz  T_4.2, 5;
    %pushi/vec4 0, 0, 32;
    %assign/vec4 v0x563a800c9620_0, 0;
T_4.2 ;
T_4.1 ;
    %jmp T_4;
    .thread T_4;
    .scope S_0x563a800a8760;
T_5 ;
    %wait E_0x563a80018840;
    %load/vec4 v0x563a800c90e0_0;
    %cmpi/e 0, 0, 1;
    %jmp/0xz  T_5.0, 4;
    %pushi/real 0, 4065; load=0.00000
    %assign/wr v0x563a800c8dd0_0, 0;
    %pushi/real 0, 4065; load=0.00000
    %assign/wr v0x563a800c8f10_0, 0;
    %pushi/real 0, 4065; load=0.00000
    %assign/wr v0x563a800c8e70_0, 0;
    %pushi/real 0, 4065; load=0.00000
    %assign/wr v0x563a800c8e70_0, 0;
T_5.0 ;
    %load/real v0x563a800c9240_0;
    %pushi/vec4 0, 0, 32;
    %cvt/rv/s;
    %cmp/wr;
    %flag_get/vec4 5;
    %pushi/vec4 1, 0, 32;
    %cvt/rv/s;
    %load/real v0x563a800c9240_0;
    %cmp/wr;
    %flag_get/vec4 5;
    %or;
    %pushi/vec4 0, 0, 32;
    %load/vec4 v0x563a800c9700_0;
    %cmp/s;
    %flag_get/vec4 4;
    %flag_get/vec4 5;
    %or;
    %and;
    %flag_set/vec4 8;
    %jmp/0xz  T_5.2, 8;
    %vpi_call/w 3 73 "$display", "Values of x coordinate is not within the range of values corresponding to angles in the first quadrant." {0 0 0};
    %vpi_call/w 3 74 "$finish" {0 0 0};
T_5.2 ;
    %load/real v0x563a800c94a0_0;
    %pushi/vec4 0, 0, 32;
    %cvt/rv/s;
    %cmp/wr;
    %flag_get/vec4 5;
    %pushi/vec4 1, 0, 32;
    %cvt/rv/s;
    %load/real v0x563a800c94a0_0;
    %cmp/wr;
    %flag_get/vec4 5;
    %or;
    %pushi/vec4 0, 0, 32;
    %load/vec4 v0x563a800c9700_0;
    %cmp/s;
    %flag_get/vec4 4;
    %flag_get/vec4 5;
    %or;
    %and;
    %flag_set/vec4 8;
    %jmp/0xz  T_5.4, 8;
    %vpi_call/w 3 77 "$display", "Values of y coordinate is not within the range of values corresponding to angles in the first quadrant." {0 0 0};
    %vpi_call/w 3 78 "$finish" {0 0 0};
T_5.4 ;
    %load/vec4 v0x563a800c9700_0;
    %cmpi/s 0, 0, 32;
    %flag_inv 5; GE is !LT
    %jmp/0xz  T_5.6, 5;
    %load/real v0x563a800c9240_0;
    %load/real v0x563a800c9300_0;
    %sub/wr;
    %assign/wr v0x563a800c8dd0_0, 0;
    %load/real v0x563a800c94a0_0;
    %load/real v0x563a800c9560_0;
    %sub/wr;
    %assign/wr v0x563a800c8f10_0, 0;
    %load/real v0x563a800c8dd0_0;
    %load/real v0x563a800c9300_0;
    %div/wr;
    %pushi/vec4 100, 0, 32;
    %cvt/rv/s;
    %mul/wr;
    %assign/wr v0x563a800c8e70_0, 0;
    %load/real v0x563a800c8f10_0;
    %load/real v0x563a800c9560_0;
    %div/wr;
    %pushi/vec4 100, 0, 32;
    %cvt/rv/s;
    %mul/wr;
    %assign/wr v0x563a800c8fd0_0, 0;
T_5.6 ;
    %jmp T_5;
    .thread T_5;
    .scope S_0x563a800a8760;
T_6 ;
    %wait E_0x563a80053240;
    %pushi/real 1073741824, 4065; load=0.500000
    %load/real v0x563a800c8dd0_0;
    %cmp/wr;
    %flag_mov 8, 5;
    %pushi/real 1073741824, 4065; load=0.500000
    %pushi/real 0, 0; load 0.0
    %load/real v0x563a800c8dd0_0;
    %sub/wr;
    %cmp/wr;
    %flag_or 5, 8;
    %jmp/0xz  T_6.0, 5;
    %pushi/real 1677721600, 4071; load=50.0000
    %load/real v0x563a800c8dd0_0;
    %pushi/vec4 100, 0, 32;
    %cvt/rv/s;
    %mul/wr;
    %vpi_call/w 3 90 "$display", "Apsolutna greska x kordinate je veca od %0f%% i iznosi %0f%% za vrednost ugla %0d.", W<1,r>, W<0,r>, v0x563a800c9620_0 {0 2 0};
    %vpi_call/w 3 91 "$finish" {0 0 0};
T_6.0 ;
    %pushi/real 1073741824, 4065; load=0.500000
    %load/real v0x563a800c8f10_0;
    %cmp/wr;
    %flag_mov 8, 5;
    %pushi/real 1073741824, 4065; load=0.500000
    %pushi/real 0, 0; load 0.0
    %load/real v0x563a800c8f10_0;
    %sub/wr;
    %cmp/wr;
    %flag_or 5, 8;
    %jmp/0xz  T_6.2, 5;
    %pushi/real 1677721600, 4071; load=50.0000
    %load/real v0x563a800c8f10_0;
    %pushi/vec4 100, 0, 32;
    %cvt/rv/s;
    %mul/wr;
    %vpi_call/w 3 94 "$display", "Apsolutna greska y kordinate je veca od %0f%% i iznosi %0f%% za vrednost ugla %0d.", W<1,r>, W<0,r>, v0x563a800c9620_0 {0 2 0};
    %vpi_call/w 3 95 "$finish" {0 0 0};
T_6.2 ;
    %jmp T_6;
    .thread T_6, $push;
    .scope S_0x563a800a8760;
T_7 ;
    %wait E_0x563a800516e0;
    %vpi_func/r 3 100 "$itor", v0x563a800c9180_0 {0 0 0};
    %pushi/vec4 32768, 0, 32;
    %cvt/rv/s;
    %div/wr;
    %store/real v0x563a800c9240_0;
    %vpi_func/r 3 101 "$itor", v0x563a800c93c0_0 {0 0 0};
    %pushi/vec4 32768, 0, 32;
    %cvt/rv/s;
    %div/wr;
    %store/real v0x563a800c94a0_0;
    %load/vec4 v0x563a800c9620_0;
    %cmpi/s 15000, 0, 32;
    %flag_inv 5; GE is !LT
    %jmp/0xz  T_7.0, 5;
    %vpi_func/r 3 103 "$itor", v0x563a800c9700_0 {0 0 0};
    %pushi/real 1686629713, 4067; load=3.14159
    %pushi/real 273688, 4045; load=3.14159
    %add/wr;
    %mul/wr;
    %pushi/vec4 65536, 0, 32;
    %cvt/rv/s;
    %div/wr;
    %vpi_func/r 3 103 "$cos", W<0,r> {0 1 0};
    %store/real v0x563a800c9300_0;
    %vpi_func/r 3 104 "$itor", v0x563a800c9700_0 {0 0 0};
    %pushi/real 1686629713, 4067; load=3.14159
    %pushi/real 273688, 4045; load=3.14159
    %add/wr;
    %mul/wr;
    %pushi/vec4 65536, 0, 32;
    %cvt/rv/s;
    %div/wr;
    %vpi_func/r 3 104 "$sin", W<0,r> {0 1 0};
    %store/real v0x563a800c9560_0;
T_7.0 ;
    %load/vec4 v0x563a800c9700_0;
    %cmpi/s 31768, 0, 32;
    %flag_inv 5; GE is !LT
    %jmp/0xz  T_7.2, 5;
    %vpi_call/w 3 107 "$finish" {0 0 0};
T_7.2 ;
    %jmp T_7;
    .thread T_7, $push;
# The file index is used to find the file name in the following table.
:file_names 5;
    "N/A";
    "<interactive>";
    "-";
    "cordic_tb_generated.v";
    "cordic.v";
